<?xml version="1.0" encoding="UTF-8"?>
<testng-results ignored="0" total="1" passed="1" failed="0" skipped="0">
  <reporter-output>
  </reporter-output>
  <suite started-at="2023-12-08T11:00:12 EST" name="Default suite" finished-at="2023-12-08T11:00:22 EST" duration-ms="10091">
    <groups>
    </groups>
    <test started-at="2023-12-08T11:00:12 EST" name="Default test" finished-at="2023-12-08T11:00:22 EST" duration-ms="10091">
      <class name="NetBanking.testCases.TC001_Login">
        <test-method is-config="true" signature="setup()[pri:0, instance:NetBanking.testCases.TC001_Login@22555ebf]" started-at="2023-12-08T11:00:12 EST" name="setup" finished-at="2023-12-08T11:00:19 EST" duration-ms="6883" status="PASS">
          <reporter-output>
          </reporter-output>
        </test-method> <!-- setup -->
        <test-method signature="loginTest()[pri:0, instance:NetBanking.testCases.TC001_Login@22555ebf]" started-at="2023-12-08T11:00:19 EST" name="loginTest" finished-at="2023-12-08T11:00:21 EST" duration-ms="1734" status="PASS">
          <reporter-output>
          </reporter-output>
        </test-method> <!-- loginTest -->
        <test-method is-config="true" signature="tearDown()[pri:0, instance:NetBanking.testCases.TC001_Login@22555ebf]" started-at="2023-12-08T11:00:21 EST" name="tearDown" finished-at="2023-12-08T11:00:22 EST" duration-ms="1427" status="PASS">
          <reporter-output>
          </reporter-output>
        </test-method> <!-- tearDown -->
      </class> <!-- NetBanking.testCases.TC001_Login -->
    </test> <!-- Default test -->
  </suite> <!-- Default suite -->
</testng-results>
